<?xml version="1.0" encoding="UTF-8"?>
<coverage generated="1682570924460" clover="3.2.0">
  <project timestamp="1682570924460" name="All files">
    <metrics statements="680" coveredstatements="603" conditionals="103" coveredconditionals="68" methods="120" coveredmethods="101" elements="903" coveredelements="772" complexity="0" loc="680" ncloc="680" packages="28" files="73" classes="73"/>
    <package name="src">
      <metrics statements="17" coveredstatements="16" conditionals="0" coveredconditionals="0" methods="3" coveredmethods="2"/>
      <file name="app.ts" path="/home/pedro/Driven/Projetos/projeto19_drivent/drivent-api-part4/src/app.ts">
        <metrics statements="17" coveredstatements="16" conditionals="0" coveredconditionals="0" methods="3" coveredmethods="2"/>
        <line num="1" count="11" type="stmt"/>
        <line num="2" count="11" type="stmt"/>
        <line num="3" count="11" type="stmt"/>
        <line num="4" count="11" type="stmt"/>
        <line num="6" count="11" type="stmt"/>
        <line num="8" count="11" type="stmt"/>
        <line num="10" count="11" type="stmt"/>
        <line num="11" count="11" type="stmt"/>
        <line num="22" count="11" type="stmt"/>
        <line num="23" count="11" type="stmt"/>
        <line num="26" count="1" type="stmt"/>
        <line num="37" count="11" type="stmt"/>
        <line num="38" count="11" type="stmt"/>
        <line num="39" count="11" type="stmt"/>
        <line num="42" count="11" type="stmt"/>
        <line num="43" count="0" type="stmt"/>
        <line num="46" count="11" type="stmt"/>
      </file>
    </package>
    <package name="src.config">
      <metrics statements="13" coveredstatements="12" conditionals="4" coveredconditionals="1" methods="3" coveredmethods="2"/>
      <file name="database.ts" path="/home/pedro/Driven/Projetos/projeto19_drivent/drivent-api-part4/src/config/database.ts">
        <metrics statements="5" coveredstatements="4" conditionals="0" coveredconditionals="0" methods="2" coveredmethods="1"/>
        <line num="1" count="14" type="stmt"/>
        <line num="4" count="14" type="stmt"/>
        <line num="5" count="11" type="stmt"/>
        <line num="8" count="14" type="stmt"/>
        <line num="9" count="0" type="stmt"/>
      </file>
      <file name="envs.ts" path="/home/pedro/Driven/Projetos/projeto19_drivent/drivent-api-part4/src/config/envs.ts">
        <metrics statements="6" coveredstatements="6" conditionals="4" coveredconditionals="1" methods="1" coveredmethods="1"/>
        <line num="1" count="14" type="stmt"/>
        <line num="2" count="14" type="stmt"/>
        <line num="4" count="14" type="stmt"/>
        <line num="6" count="25" type="cond" truecount="1" falsecount="1"/>
        <line num="12" count="25" type="stmt"/>
        <line num="13" count="25" type="stmt"/>
      </file>
      <file name="index.ts" path="/home/pedro/Driven/Projetos/projeto19_drivent/drivent-api-part4/src/config/index.ts">
        <metrics statements="2" coveredstatements="2" conditionals="0" coveredconditionals="0" methods="0" coveredmethods="0"/>
        <line num="1" count="14" type="stmt"/>
        <line num="2" count="14" type="stmt"/>
      </file>
    </package>
    <package name="src.controllers">
      <metrics statements="145" coveredstatements="119" conditionals="16" coveredconditionals="8" methods="16" coveredmethods="15"/>
      <file name="authentication-controller.ts" path="/home/pedro/Driven/Projetos/projeto19_drivent/drivent-api-part4/src/controllers/authentication-controller.ts">
        <metrics statements="8" coveredstatements="8" conditionals="0" coveredconditionals="0" methods="1" coveredmethods="1"/>
        <line num="2" count="11" type="stmt"/>
        <line num="3" count="11" type="stmt"/>
        <line num="5" count="11" type="stmt"/>
        <line num="6" count="5" type="stmt"/>
        <line num="8" count="5" type="stmt"/>
        <line num="9" count="5" type="stmt"/>
        <line num="11" count="1" type="stmt"/>
        <line num="13" count="4" type="stmt"/>
      </file>
      <file name="booking-controller.ts" path="/home/pedro/Driven/Projetos/projeto19_drivent/drivent-api-part4/src/controllers/booking-controller.ts">
        <metrics statements="29" coveredstatements="25" conditionals="3" coveredconditionals="2" methods="3" coveredmethods="3"/>
        <line num="1" count="11" type="stmt"/>
        <line num="4" count="11" type="stmt"/>
        <line num="6" count="11" type="stmt"/>
        <line num="7" count="1" type="stmt"/>
        <line num="9" count="1" type="stmt"/>
        <line num="10" count="1" type="stmt"/>
        <line num="11" count="0" type="stmt"/>
        <line num="13" count="1" type="cond" truecount="1" falsecount="0"/>
        <line num="14" count="1" type="stmt"/>
        <line num="16" count="0" type="stmt"/>
        <line num="20" count="11" type="stmt"/>
        <line num="21" count="8" type="stmt"/>
        <line num="22" count="8" type="stmt"/>
        <line num="24" count="8" type="stmt"/>
        <line num="25" count="8" type="stmt"/>
        <line num="26" count="1" type="stmt"/>
        <line num="28" count="7" type="cond" truecount="1" falsecount="0"/>
        <line num="29" count="2" type="stmt"/>
        <line num="31" count="5" type="stmt"/>
        <line num="35" count="11" type="stmt"/>
        <line num="36" count="3" type="stmt"/>
        <line num="37" count="3" type="stmt"/>
        <line num="38" count="3" type="stmt"/>
        <line num="40" count="3" type="stmt"/>
        <line num="41" count="3" type="stmt"/>
        <line num="42" count="0" type="stmt"/>
        <line num="44" count="3" type="cond" truecount="0" falsecount="1"/>
        <line num="45" count="0" type="stmt"/>
        <line num="47" count="3" type="stmt"/>
      </file>
      <file name="enrollments-controller.ts" path="/home/pedro/Driven/Projetos/projeto19_drivent/drivent-api-part4/src/controllers/enrollments-controller.ts">
        <metrics statements="20" coveredstatements="14" conditionals="1" coveredconditionals="1" methods="3" coveredmethods="2"/>
        <line num="2" count="11" type="stmt"/>
        <line num="4" count="11" type="stmt"/>
        <line num="6" count="11" type="stmt"/>
        <line num="7" count="0" type="stmt"/>
        <line num="9" count="0" type="stmt"/>
        <line num="10" count="0" type="stmt"/>
        <line num="12" count="0" type="stmt"/>
        <line num="14" count="0" type="stmt"/>
        <line num="18" count="11" type="stmt"/>
        <line num="19" count="2" type="stmt"/>
        <line num="20" count="2" type="stmt"/>
        <line num="25" count="0" type="stmt"/>
        <line num="27" count="2" type="stmt"/>
        <line num="31" count="11" type="stmt"/>
        <line num="32" count="2" type="stmt"/>
        <line num="34" count="2" type="stmt"/>
        <line num="35" count="2" type="stmt"/>
        <line num="36" count="1" type="stmt"/>
        <line num="38" count="1" type="cond" truecount="1" falsecount="0"/>
        <line num="39" count="1" type="stmt"/>
      </file>
      <file name="events-controller.ts" path="/home/pedro/Driven/Projetos/projeto19_drivent/drivent-api-part4/src/controllers/events-controller.ts">
        <metrics statements="7" coveredstatements="7" conditionals="0" coveredconditionals="0" methods="1" coveredmethods="1"/>
        <line num="2" count="11" type="stmt"/>
        <line num="3" count="11" type="stmt"/>
        <line num="5" count="11" type="stmt"/>
        <line num="6" count="2" type="stmt"/>
        <line num="7" count="2" type="stmt"/>
        <line num="8" count="1" type="stmt"/>
        <line num="10" count="1" type="stmt"/>
      </file>
      <file name="hotel-controller.ts" path="/home/pedro/Driven/Projetos/projeto19_drivent/drivent-api-part4/src/controllers/hotel-controller.ts">
        <metrics statements="21" coveredstatements="16" conditionals="3" coveredconditionals="2" methods="2" coveredmethods="2"/>
        <line num="1" count="11" type="stmt"/>
        <line num="4" count="11" type="stmt"/>
        <line num="6" count="11" type="stmt"/>
        <line num="7" count="1" type="stmt"/>
        <line num="9" count="1" type="stmt"/>
        <line num="10" count="1" type="stmt"/>
        <line num="11" count="0" type="stmt"/>
        <line num="13" count="1" type="cond" truecount="1" falsecount="0"/>
        <line num="14" count="1" type="stmt"/>
        <line num="16" count="0" type="stmt"/>
        <line num="20" count="11" type="stmt"/>
        <line num="21" count="4" type="stmt"/>
        <line num="22" count="4" type="stmt"/>
        <line num="24" count="4" type="stmt"/>
        <line num="25" count="4" type="stmt"/>
        <line num="27" count="2" type="stmt"/>
        <line num="29" count="2" type="cond" truecount="1" falsecount="0"/>
        <line num="30" count="2" type="stmt"/>
        <line num="32" count="0" type="cond" truecount="0" falsecount="1"/>
        <line num="33" count="0" type="stmt"/>
        <line num="35" count="0" type="stmt"/>
      </file>
      <file name="index.ts" path="/home/pedro/Driven/Projetos/projeto19_drivent/drivent-api-part4/src/controllers/index.ts">
        <metrics statements="6" coveredstatements="6" conditionals="0" coveredconditionals="0" methods="0" coveredmethods="0"/>
        <line num="1" count="11" type="stmt"/>
        <line num="2" count="11" type="stmt"/>
        <line num="3" count="11" type="stmt"/>
        <line num="4" count="11" type="stmt"/>
        <line num="5" count="11" type="stmt"/>
        <line num="6" count="11" type="stmt"/>
      </file>
      <file name="payments-controller.ts" path="/home/pedro/Driven/Projetos/projeto19_drivent/drivent-api-part4/src/controllers/payments-controller.ts">
        <metrics statements="24" coveredstatements="17" conditionals="8" coveredconditionals="3" methods="2" coveredmethods="2"/>
        <line num="2" count="11" type="stmt"/>
        <line num="4" count="11" type="stmt"/>
        <line num="6" count="11" type="stmt"/>
        <line num="7" count="1" type="stmt"/>
        <line num="8" count="1" type="stmt"/>
        <line num="9" count="1" type="stmt"/>
        <line num="11" count="1" type="cond" truecount="1" falsecount="0"/>
        <line num="13" count="0" type="stmt"/>
        <line num="14" count="0" type="cond" truecount="0" falsecount="1"/>
        <line num="16" count="0" type="stmt"/>
        <line num="18" count="0" type="cond" truecount="0" falsecount="1"/>
        <line num="19" count="0" type="stmt"/>
        <line num="21" count="0" type="stmt"/>
        <line num="25" count="11" type="stmt"/>
        <line num="26" count="3" type="stmt"/>
        <line num="27" count="3" type="stmt"/>
        <line num="29" count="3" type="stmt"/>
        <line num="30" count="3" type="cond" truecount="2" falsecount="1"/>
        <line num="32" count="3" type="stmt"/>
        <line num="33" count="2" type="cond" truecount="0" falsecount="1"/>
        <line num="35" count="2" type="stmt"/>
        <line num="37" count="1" type="cond" truecount="0" falsecount="1"/>
        <line num="38" count="0" type="stmt"/>
        <line num="40" count="1" type="stmt"/>
      </file>
      <file name="tickets-controller.ts" path="/home/pedro/Driven/Projetos/projeto19_drivent/drivent-api-part4/src/controllers/tickets-controller.ts">
        <metrics statements="20" coveredstatements="18" conditionals="0" coveredconditionals="0" methods="3" coveredmethods="3"/>
        <line num="2" count="11" type="stmt"/>
        <line num="4" count="11" type="stmt"/>
        <line num="7" count="11" type="stmt"/>
        <line num="8" count="2" type="stmt"/>
        <line num="9" count="2" type="stmt"/>
        <line num="10" count="2" type="stmt"/>
        <line num="12" count="0" type="stmt"/>
        <line num="16" count="11" type="stmt"/>
        <line num="17" count="2" type="stmt"/>
        <line num="19" count="2" type="stmt"/>
        <line num="20" count="2" type="stmt"/>
        <line num="21" count="0" type="stmt"/>
        <line num="23" count="2" type="stmt"/>
        <line num="27" count="11" type="stmt"/>
        <line num="28" count="3" type="stmt"/>
        <line num="29" count="3" type="stmt"/>
        <line num="31" count="3" type="stmt"/>
        <line num="32" count="3" type="stmt"/>
        <line num="33" count="2" type="stmt"/>
        <line num="35" count="1" type="stmt"/>
      </file>
      <file name="users-controller.ts" path="/home/pedro/Driven/Projetos/projeto19_drivent/drivent-api-part4/src/controllers/users-controller.ts">
        <metrics statements="10" coveredstatements="8" conditionals="1" coveredconditionals="0" methods="1" coveredmethods="1"/>
        <line num="2" count="11" type="stmt"/>
        <line num="3" count="11" type="stmt"/>
        <line num="5" count="11" type="stmt"/>
        <line num="6" count="6" type="stmt"/>
        <line num="8" count="6" type="stmt"/>
        <line num="9" count="6" type="stmt"/>
        <line num="10" count="0" type="stmt"/>
        <line num="15" count="6" type="cond" truecount="0" falsecount="1"/>
        <line num="16" count="0" type="stmt"/>
        <line num="18" count="6" type="stmt"/>
      </file>
    </package>
    <package name="src.errors">
      <metrics statements="25" coveredstatements="22" conditionals="0" coveredconditionals="0" methods="9" coveredmethods="6"/>
      <file name="cannot-enroll-before-start-date-error.ts" path="/home/pedro/Driven/Projetos/projeto19_drivent/drivent-api-part4/src/errors/cannot-enroll-before-start-date-error.ts">
        <metrics statements="2" coveredstatements="2" conditionals="0" coveredconditionals="0" methods="1" coveredmethods="1"/>
        <line num="3" count="11" type="stmt"/>
        <line num="4" count="9" type="stmt"/>
      </file>
      <file name="cannot-list-hotels-error.ts" path="/home/pedro/Driven/Projetos/projeto19_drivent/drivent-api-part4/src/errors/cannot-list-hotels-error.ts">
        <metrics statements="2" coveredstatements="1" conditionals="0" coveredconditionals="0" methods="1" coveredmethods="0"/>
        <line num="3" count="11" type="stmt"/>
        <line num="4" count="0" type="stmt"/>
      </file>
      <file name="conflict-error.ts" path="/home/pedro/Driven/Projetos/projeto19_drivent/drivent-api-part4/src/errors/conflict-error.ts">
        <metrics statements="2" coveredstatements="1" conditionals="0" coveredconditionals="0" methods="1" coveredmethods="0"/>
        <line num="3" count="11" type="stmt"/>
        <line num="4" count="0" type="stmt"/>
      </file>
      <file name="forbidden-error.ts" path="/home/pedro/Driven/Projetos/projeto19_drivent/drivent-api-part4/src/errors/forbidden-error.ts">
        <metrics statements="2" coveredstatements="2" conditionals="0" coveredconditionals="0" methods="1" coveredmethods="1"/>
        <line num="3" count="11" type="stmt"/>
        <line num="4" count="7" type="stmt"/>
      </file>
      <file name="index.ts" path="/home/pedro/Driven/Projetos/projeto19_drivent/drivent-api-part4/src/errors/index.ts">
        <metrics statements="7" coveredstatements="7" conditionals="0" coveredconditionals="0" methods="0" coveredmethods="0"/>
        <line num="1" count="11" type="stmt"/>
        <line num="2" count="11" type="stmt"/>
        <line num="3" count="11" type="stmt"/>
        <line num="4" count="11" type="stmt"/>
        <line num="5" count="11" type="stmt"/>
        <line num="6" count="11" type="stmt"/>
        <line num="7" count="11" type="stmt"/>
      </file>
      <file name="invalid-data-error.ts" path="/home/pedro/Driven/Projetos/projeto19_drivent/drivent-api-part4/src/errors/invalid-data-error.ts">
        <metrics statements="2" coveredstatements="2" conditionals="0" coveredconditionals="0" methods="1" coveredmethods="1"/>
        <line num="3" count="11" type="stmt"/>
        <line num="4" count="6" type="stmt"/>
      </file>
      <file name="invalid-email-error.ts" path="/home/pedro/Driven/Projetos/projeto19_drivent/drivent-api-part4/src/errors/invalid-email-error.ts">
        <metrics statements="2" coveredstatements="1" conditionals="0" coveredconditionals="0" methods="1" coveredmethods="0"/>
        <line num="3" count="11" type="stmt"/>
        <line num="4" count="0" type="stmt"/>
      </file>
      <file name="not-found-error.ts" path="/home/pedro/Driven/Projetos/projeto19_drivent/drivent-api-part4/src/errors/not-found-error.ts">
        <metrics statements="2" coveredstatements="2" conditionals="0" coveredconditionals="0" methods="1" coveredmethods="1"/>
        <line num="3" count="11" type="stmt"/>
        <line num="4" count="11" type="stmt"/>
      </file>
      <file name="request-error.ts" path="/home/pedro/Driven/Projetos/projeto19_drivent/drivent-api-part4/src/errors/request-error.ts">
        <metrics statements="2" coveredstatements="2" conditionals="0" coveredconditionals="0" methods="1" coveredmethods="1"/>
        <line num="3" count="11" type="stmt"/>
        <line num="4" count="1" type="stmt"/>
      </file>
      <file name="unauthorized-error.ts" path="/home/pedro/Driven/Projetos/projeto19_drivent/drivent-api-part4/src/errors/unauthorized-error.ts">
        <metrics statements="2" coveredstatements="2" conditionals="0" coveredconditionals="0" methods="1" coveredmethods="1"/>
        <line num="3" count="11" type="stmt"/>
        <line num="4" count="39" type="stmt"/>
      </file>
    </package>
    <package name="src.middlewares">
      <metrics statements="47" coveredstatements="39" conditionals="13" coveredconditionals="7" methods="8" coveredmethods="7"/>
      <file name="authentication-middleware.ts" path="/home/pedro/Driven/Projetos/projeto19_drivent/drivent-api-part4/src/middlewares/authentication-middleware.ts">
        <metrics statements="17" coveredstatements="17" conditionals="3" coveredconditionals="2" methods="2" coveredmethods="2"/>
        <line num="2" count="11" type="stmt"/>
        <line num="3" count="11" type="stmt"/>
        <line num="5" count="11" type="stmt"/>
        <line num="6" count="11" type="stmt"/>
        <line num="8" count="11" type="stmt"/>
        <line num="9" count="85" type="stmt"/>
        <line num="10" count="85" type="cond" truecount="1" falsecount="0"/>
        <line num="12" count="73" type="stmt"/>
        <line num="13" count="73" type="cond" truecount="0" falsecount="1"/>
        <line num="15" count="73" type="stmt"/>
        <line num="16" count="73" type="stmt"/>
        <line num="18" count="61" type="stmt"/>
        <line num="23" count="61" type="cond" truecount="1" falsecount="0"/>
        <line num="25" count="46" type="stmt"/>
        <line num="27" count="46" type="stmt"/>
        <line num="29" count="12" type="stmt"/>
        <line num="34" count="39" type="stmt"/>
      </file>
      <file name="error-handling-middleware.ts" path="/home/pedro/Driven/Projetos/projeto19_drivent/drivent-api-part4/src/middlewares/error-handling-middleware.ts">
        <metrics statements="16" coveredstatements="9" conditionals="8" coveredconditionals="3" methods="1" coveredmethods="1"/>
        <line num="2" count="11" type="stmt"/>
        <line num="5" count="11" type="stmt"/>
        <line num="11" count="3" type="cond" truecount="0" falsecount="1"/>
        <line num="12" count="0" type="stmt"/>
        <line num="16" count="3" type="cond" truecount="0" falsecount="1"/>
        <line num="17" count="0" type="stmt"/>
        <line num="22" count="3" type="cond" truecount="2" falsecount="1"/>
        <line num="23" count="0" type="stmt"/>
        <line num="28" count="3" type="cond" truecount="0" falsecount="1"/>
        <line num="29" count="0" type="stmt"/>
        <line num="34" count="3" type="cond" truecount="0" falsecount="1"/>
        <line num="35" count="0" type="stmt"/>
        <line num="40" count="3" type="cond" truecount="1" falsecount="0"/>
        <line num="41" count="3" type="stmt"/>
        <line num="47" count="0" type="stmt"/>
        <line num="48" count="0" type="stmt"/>
      </file>
      <file name="index.ts" path="/home/pedro/Driven/Projetos/projeto19_drivent/drivent-api-part4/src/middlewares/index.ts">
        <metrics statements="3" coveredstatements="3" conditionals="0" coveredconditionals="0" methods="0" coveredmethods="0"/>
        <line num="1" count="11" type="stmt"/>
        <line num="2" count="11" type="stmt"/>
        <line num="3" count="11" type="stmt"/>
      </file>
      <file name="validation-middleware.ts" path="/home/pedro/Driven/Projetos/projeto19_drivent/drivent-api-part4/src/middlewares/validation-middleware.ts">
        <metrics statements="11" coveredstatements="10" conditionals="2" coveredconditionals="2" methods="5" coveredmethods="4"/>
        <line num="2" count="11" type="stmt"/>
        <line num="4" count="11" type="stmt"/>
        <line num="6" count="11" type="stmt"/>
        <line num="7" count="44" type="stmt"/>
        <line num="10" count="11" type="stmt"/>
        <line num="11" count="0" type="stmt"/>
        <line num="15" count="44" type="stmt"/>
        <line num="16" count="22" type="stmt"/>
        <line num="20" count="22" type="cond" truecount="2" falsecount="0"/>
        <line num="21" count="16" type="stmt"/>
        <line num="23" count="13" type="stmt"/>
      </file>
    </package>
    <package name="src.repositories.address-repository">
      <metrics statements="4" coveredstatements="3" conditionals="0" coveredconditionals="0" methods="1" coveredmethods="0"/>
      <file name="index.ts" path="/home/pedro/Driven/Projetos/projeto19_drivent/drivent-api-part4/src/repositories/address-repository/index.ts">
        <metrics statements="4" coveredstatements="3" conditionals="0" coveredconditionals="0" methods="1" coveredmethods="0"/>
        <line num="2" count="11" type="stmt"/>
        <line num="5" count="0" type="stmt"/>
        <line num="20" count="11" type="stmt"/>
        <line num="24" count="11" type="stmt"/>
      </file>
    </package>
    <package name="src.repositories.booking-repository">
      <metrics statements="8" coveredstatements="6" conditionals="0" coveredconditionals="0" methods="5" coveredmethods="3"/>
      <file name="index.ts" path="/home/pedro/Driven/Projetos/projeto19_drivent/drivent-api-part4/src/repositories/booking-repository/index.ts">
        <metrics statements="8" coveredstatements="6" conditionals="0" coveredconditionals="0" methods="5" coveredmethods="3"/>
        <line num="1" count="11" type="stmt"/>
        <line num="4" count="4" type="stmt"/>
        <line num="12" count="0" type="stmt"/>
        <line num="20" count="5" type="stmt"/>
        <line num="28" count="1" type="stmt"/>
        <line num="37" count="0" type="stmt"/>
        <line num="46" count="11" type="stmt"/>
        <line num="54" count="11" type="stmt"/>
      </file>
    </package>
    <package name="src.repositories.enrollment-repository">
      <metrics statements="6" coveredstatements="6" conditionals="0" coveredconditionals="0" methods="3" coveredmethods="3"/>
      <file name="index.ts" path="/home/pedro/Driven/Projetos/projeto19_drivent/drivent-api-part4/src/repositories/enrollment-repository/index.ts">
        <metrics statements="6" coveredstatements="6" conditionals="0" coveredconditionals="0" methods="3" coveredmethods="3"/>
        <line num="2" count="11" type="stmt"/>
        <line num="5" count="18" type="stmt"/>
        <line num="18" count="2" type="stmt"/>
        <line num="28" count="3" type="stmt"/>
        <line num="36" count="11" type="stmt"/>
        <line num="42" count="11" type="stmt"/>
      </file>
    </package>
    <package name="src.repositories.event-repository">
      <metrics statements="4" coveredstatements="4" conditionals="0" coveredconditionals="0" methods="1" coveredmethods="1"/>
      <file name="index.ts" path="/home/pedro/Driven/Projetos/projeto19_drivent/drivent-api-part4/src/repositories/event-repository/index.ts">
        <metrics statements="4" coveredstatements="4" conditionals="0" coveredconditionals="0" methods="1" coveredmethods="1"/>
        <line num="1" count="11" type="stmt"/>
        <line num="4" count="11" type="stmt"/>
        <line num="7" count="11" type="stmt"/>
        <line num="11" count="11" type="stmt"/>
      </file>
    </package>
    <package name="src.repositories.hotel-repository">
      <metrics statements="5" coveredstatements="4" conditionals="0" coveredconditionals="0" methods="2" coveredmethods="1"/>
      <file name="index.ts" path="/home/pedro/Driven/Projetos/projeto19_drivent/drivent-api-part4/src/repositories/hotel-repository/index.ts">
        <metrics statements="5" coveredstatements="4" conditionals="0" coveredconditionals="0" methods="2" coveredmethods="1"/>
        <line num="1" count="11" type="stmt"/>
        <line num="4" count="0" type="stmt"/>
        <line num="8" count="3" type="stmt"/>
        <line num="18" count="11" type="stmt"/>
        <line num="23" count="11" type="stmt"/>
      </file>
    </package>
    <package name="src.repositories.payments-repository">
      <metrics statements="5" coveredstatements="4" conditionals="0" coveredconditionals="0" methods="2" coveredmethods="1"/>
      <file name="index.ts" path="/home/pedro/Driven/Projetos/projeto19_drivent/drivent-api-part4/src/repositories/payments-repository/index.ts">
        <metrics statements="5" coveredstatements="4" conditionals="0" coveredconditionals="0" methods="2" coveredmethods="1"/>
        <line num="1" count="11" type="stmt"/>
        <line num="5" count="0" type="stmt"/>
        <line num="13" count="2" type="stmt"/>
        <line num="21" count="11" type="stmt"/>
        <line num="25" count="11" type="stmt"/>
      </file>
    </package>
    <package name="src.repositories.room-repository">
      <metrics statements="4" coveredstatements="4" conditionals="0" coveredconditionals="0" methods="1" coveredmethods="1"/>
      <file name="index.ts" path="/home/pedro/Driven/Projetos/projeto19_drivent/drivent-api-part4/src/repositories/room-repository/index.ts">
        <metrics statements="4" coveredstatements="4" conditionals="0" coveredconditionals="0" methods="1" coveredmethods="1"/>
        <line num="1" count="11" type="stmt"/>
        <line num="4" count="7" type="stmt"/>
        <line num="11" count="11" type="stmt"/>
        <line num="15" count="11" type="stmt"/>
      </file>
    </package>
    <package name="src.repositories.session-repository">
      <metrics statements="4" coveredstatements="4" conditionals="0" coveredconditionals="0" methods="1" coveredmethods="1"/>
      <file name="index.ts" path="/home/pedro/Driven/Projetos/projeto19_drivent/drivent-api-part4/src/repositories/session-repository/index.ts">
        <metrics statements="4" coveredstatements="4" conditionals="0" coveredconditionals="0" methods="1" coveredmethods="1"/>
        <line num="2" count="11" type="stmt"/>
        <line num="5" count="5" type="stmt"/>
        <line num="10" count="11" type="stmt"/>
        <line num="14" count="11" type="stmt"/>
      </file>
    </package>
    <package name="src.repositories.tickets-repository">
      <metrics statements="10" coveredstatements="10" conditionals="0" coveredconditionals="0" methods="7" coveredmethods="7"/>
      <file name="index.ts" path="/home/pedro/Driven/Projetos/projeto19_drivent/drivent-api-part4/src/repositories/tickets-repository/index.ts">
        <metrics statements="10" coveredstatements="10" conditionals="0" coveredconditionals="0" methods="7" coveredmethods="7"/>
        <line num="1" count="11" type="stmt"/>
        <line num="2" count="11" type="stmt"/>
        <line num="6" count="2" type="stmt"/>
        <line num="10" count="7" type="stmt"/>
        <line num="21" count="13" type="stmt"/>
        <line num="30" count="2" type="stmt"/>
        <line num="36" count="3" type="stmt"/>
        <line num="47" count="3" type="stmt"/>
        <line num="58" count="2" type="stmt"/>
        <line num="68" count="11" type="stmt"/>
      </file>
    </package>
    <package name="src.repositories.user-repository">
      <metrics statements="8" coveredstatements="7" conditionals="1" coveredconditionals="1" methods="2" coveredmethods="1"/>
      <file name="index.ts" path="/home/pedro/Driven/Projetos/projeto19_drivent/drivent-api-part4/src/repositories/user-repository/index.ts">
        <metrics statements="8" coveredstatements="7" conditionals="1" coveredconditionals="1" methods="2" coveredmethods="1"/>
        <line num="2" count="11" type="stmt"/>
        <line num="5" count="9" type="stmt"/>
        <line num="11" count="9" type="cond" truecount="1" falsecount="0"/>
        <line num="12" count="9" type="stmt"/>
        <line num="15" count="9" type="stmt"/>
        <line num="19" count="0" type="stmt"/>
        <line num="24" count="11" type="stmt"/>
        <line num="29" count="11" type="stmt"/>
      </file>
    </package>
    <package name="src.routers">
      <metrics statements="61" coveredstatements="61" conditionals="0" coveredconditionals="0" methods="0" coveredmethods="0"/>
      <file name="authentication-router.ts" path="/home/pedro/Driven/Projetos/projeto19_drivent/drivent-api-part4/src/routers/authentication-router.ts">
        <metrics statements="7" coveredstatements="7" conditionals="0" coveredconditionals="0" methods="0" coveredmethods="0"/>
        <line num="1" count="11" type="stmt"/>
        <line num="2" count="11" type="stmt"/>
        <line num="3" count="11" type="stmt"/>
        <line num="4" count="11" type="stmt"/>
        <line num="6" count="11" type="stmt"/>
        <line num="8" count="11" type="stmt"/>
        <line num="10" count="11" type="stmt"/>
      </file>
      <file name="booking-router.ts" path="/home/pedro/Driven/Projetos/projeto19_drivent/drivent-api-part4/src/routers/booking-router.ts">
        <metrics statements="8" coveredstatements="8" conditionals="0" coveredconditionals="0" methods="0" coveredmethods="0"/>
        <line num="1" count="11" type="stmt"/>
        <line num="2" count="11" type="stmt"/>
        <line num="3" count="11" type="stmt"/>
        <line num="5" count="11" type="stmt"/>
        <line num="7" count="11" type="stmt"/>
        <line num="8" count="11" type="stmt"/>
        <line num="9" count="11" type="stmt"/>
        <line num="11" count="11" type="stmt"/>
      </file>
      <file name="enrollments-router.ts" path="/home/pedro/Driven/Projetos/projeto19_drivent/drivent-api-part4/src/routers/enrollments-router.ts">
        <metrics statements="7" coveredstatements="7" conditionals="0" coveredconditionals="0" methods="0" coveredmethods="0"/>
        <line num="1" count="11" type="stmt"/>
        <line num="2" count="11" type="stmt"/>
        <line num="3" count="11" type="stmt"/>
        <line num="4" count="11" type="stmt"/>
        <line num="6" count="11" type="stmt"/>
        <line num="8" count="11" type="stmt"/>
        <line num="14" count="11" type="stmt"/>
      </file>
      <file name="events-router.ts" path="/home/pedro/Driven/Projetos/projeto19_drivent/drivent-api-part4/src/routers/events-router.ts">
        <metrics statements="5" coveredstatements="5" conditionals="0" coveredconditionals="0" methods="0" coveredmethods="0"/>
        <line num="1" count="11" type="stmt"/>
        <line num="2" count="11" type="stmt"/>
        <line num="4" count="11" type="stmt"/>
        <line num="6" count="11" type="stmt"/>
        <line num="8" count="11" type="stmt"/>
      </file>
      <file name="hotels-router.ts" path="/home/pedro/Driven/Projetos/projeto19_drivent/drivent-api-part4/src/routers/hotels-router.ts">
        <metrics statements="6" coveredstatements="6" conditionals="0" coveredconditionals="0" methods="0" coveredmethods="0"/>
        <line num="1" count="11" type="stmt"/>
        <line num="2" count="11" type="stmt"/>
        <line num="3" count="11" type="stmt"/>
        <line num="5" count="11" type="stmt"/>
        <line num="7" count="11" type="stmt"/>
        <line num="9" count="11" type="stmt"/>
      </file>
      <file name="index.ts" path="/home/pedro/Driven/Projetos/projeto19_drivent/drivent-api-part4/src/routers/index.ts">
        <metrics statements="8" coveredstatements="8" conditionals="0" coveredconditionals="0" methods="0" coveredmethods="0"/>
        <line num="1" count="11" type="stmt"/>
        <line num="2" count="11" type="stmt"/>
        <line num="3" count="11" type="stmt"/>
        <line num="4" count="11" type="stmt"/>
        <line num="5" count="11" type="stmt"/>
        <line num="6" count="11" type="stmt"/>
        <line num="7" count="11" type="stmt"/>
        <line num="8" count="11" type="stmt"/>
      </file>
      <file name="payments-router.ts" path="/home/pedro/Driven/Projetos/projeto19_drivent/drivent-api-part4/src/routers/payments-router.ts">
        <metrics statements="6" coveredstatements="6" conditionals="0" coveredconditionals="0" methods="0" coveredmethods="0"/>
        <line num="1" count="11" type="stmt"/>
        <line num="2" count="11" type="stmt"/>
        <line num="3" count="11" type="stmt"/>
        <line num="5" count="11" type="stmt"/>
        <line num="7" count="11" type="stmt"/>
        <line num="9" count="11" type="stmt"/>
      </file>
      <file name="tickets-router.ts" path="/home/pedro/Driven/Projetos/projeto19_drivent/drivent-api-part4/src/routers/tickets-router.ts">
        <metrics statements="7" coveredstatements="7" conditionals="0" coveredconditionals="0" methods="0" coveredmethods="0"/>
        <line num="1" count="11" type="stmt"/>
        <line num="2" count="11" type="stmt"/>
        <line num="3" count="11" type="stmt"/>
        <line num="4" count="11" type="stmt"/>
        <line num="6" count="11" type="stmt"/>
        <line num="8" count="11" type="stmt"/>
        <line num="14" count="11" type="stmt"/>
      </file>
      <file name="users-router.ts" path="/home/pedro/Driven/Projetos/projeto19_drivent/drivent-api-part4/src/routers/users-router.ts">
        <metrics statements="7" coveredstatements="7" conditionals="0" coveredconditionals="0" methods="0" coveredmethods="0"/>
        <line num="1" count="11" type="stmt"/>
        <line num="3" count="11" type="stmt"/>
        <line num="4" count="11" type="stmt"/>
        <line num="5" count="11" type="stmt"/>
        <line num="7" count="11" type="stmt"/>
        <line num="9" count="11" type="stmt"/>
        <line num="11" count="11" type="stmt"/>
      </file>
    </package>
    <package name="src.schemas">
      <metrics statements="28" coveredstatements="27" conditionals="6" coveredconditionals="2" methods="4" coveredmethods="4"/>
      <file name="authentication-schemas.ts" path="/home/pedro/Driven/Projetos/projeto19_drivent/drivent-api-part4/src/schemas/authentication-schemas.ts">
        <metrics statements="2" coveredstatements="2" conditionals="0" coveredconditionals="0" methods="0" coveredmethods="0"/>
        <line num="1" count="14" type="stmt"/>
        <line num="4" count="14" type="stmt"/>
      </file>
      <file name="enrollments-schemas.ts" path="/home/pedro/Driven/Projetos/projeto19_drivent/drivent-api-part4/src/schemas/enrollments-schemas.ts">
        <metrics statements="19" coveredstatements="18" conditionals="6" coveredconditionals="2" methods="4" coveredmethods="4"/>
        <line num="1" count="14" type="stmt"/>
        <line num="2" count="14" type="stmt"/>
        <line num="5" count="14" type="stmt"/>
        <line num="7" count="14" type="stmt"/>
        <line num="9" count="14" type="stmt"/>
        <line num="11" count="14" type="stmt"/>
        <line num="23" count="378" type="stmt"/>
        <line num="31" count="29" type="cond" truecount="0" falsecount="1"/>
        <line num="33" count="29" type="cond" truecount="1" falsecount="0"/>
        <line num="34" count="1" type="stmt"/>
        <line num="37" count="28" type="stmt"/>
        <line num="41" count="19" type="cond" truecount="0" falsecount="1"/>
        <line num="43" count="19" type="cond" truecount="1" falsecount="0"/>
        <line num="44" count="1" type="stmt"/>
        <line num="47" count="18" type="stmt"/>
        <line num="51" count="23" type="cond" truecount="0" falsecount="1"/>
        <line num="53" count="23" type="cond" truecount="0" falsecount="1"/>
        <line num="54" count="0" type="stmt"/>
        <line num="57" count="23" type="stmt"/>
      </file>
      <file name="index.ts" path="/home/pedro/Driven/Projetos/projeto19_drivent/drivent-api-part4/src/schemas/index.ts">
        <metrics statements="3" coveredstatements="3" conditionals="0" coveredconditionals="0" methods="0" coveredmethods="0"/>
        <line num="1" count="14" type="stmt"/>
        <line num="2" count="14" type="stmt"/>
        <line num="3" count="14" type="stmt"/>
      </file>
      <file name="tickets-schemas.ts" path="/home/pedro/Driven/Projetos/projeto19_drivent/drivent-api-part4/src/schemas/tickets-schemas.ts">
        <metrics statements="2" coveredstatements="2" conditionals="0" coveredconditionals="0" methods="0" coveredmethods="0"/>
        <line num="1" count="11" type="stmt"/>
        <line num="4" count="11" type="stmt"/>
      </file>
      <file name="users-schemas.ts" path="/home/pedro/Driven/Projetos/projeto19_drivent/drivent-api-part4/src/schemas/users-schemas.ts">
        <metrics statements="2" coveredstatements="2" conditionals="0" coveredconditionals="0" methods="0" coveredmethods="0"/>
        <line num="1" count="14" type="stmt"/>
        <line num="4" count="14" type="stmt"/>
      </file>
    </package>
    <package name="src.services.authentication-service">
      <metrics statements="24" coveredstatements="24" conditionals="2" coveredconditionals="2" methods="5" coveredmethods="5"/>
      <file name="errors.ts" path="/home/pedro/Driven/Projetos/projeto19_drivent/drivent-api-part4/src/services/authentication-service/errors.ts">
        <metrics statements="2" coveredstatements="2" conditionals="0" coveredconditionals="0" methods="1" coveredmethods="1"/>
        <line num="3" count="11" type="stmt"/>
        <line num="4" count="6" type="stmt"/>
      </file>
      <file name="index.ts" path="/home/pedro/Driven/Projetos/projeto19_drivent/drivent-api-part4/src/services/authentication-service/index.ts">
        <metrics statements="22" coveredstatements="22" conditionals="2" coveredconditionals="2" methods="4" coveredmethods="4"/>
        <line num="2" count="11" type="stmt"/>
        <line num="3" count="11" type="stmt"/>
        <line num="4" count="11" type="stmt"/>
        <line num="5" count="11" type="stmt"/>
        <line num="6" count="11" type="stmt"/>
        <line num="7" count="11" type="stmt"/>
        <line num="10" count="9" type="stmt"/>
        <line num="12" count="9" type="stmt"/>
        <line num="14" count="7" type="stmt"/>
        <line num="16" count="5" type="stmt"/>
        <line num="18" count="3" type="stmt"/>
        <line num="25" count="9" type="stmt"/>
        <line num="26" count="9" type="cond" truecount="1" falsecount="0"/>
        <line num="28" count="7" type="stmt"/>
        <line num="32" count="5" type="stmt"/>
        <line num="33" count="5" type="stmt"/>
        <line num="38" count="3" type="stmt"/>
        <line num="42" count="7" type="stmt"/>
        <line num="43" count="7" type="cond" truecount="1" falsecount="0"/>
        <line num="55" count="11" type="stmt"/>
        <line num="59" count="11" type="stmt"/>
        <line num="60" count="11" type="stmt"/>
      </file>
    </package>
    <package name="src.services.booking-service">
      <metrics statements="34" coveredstatements="28" conditionals="11" coveredconditionals="10" methods="4" coveredmethods="4"/>
      <file name="index.ts" path="/home/pedro/Driven/Projetos/projeto19_drivent/drivent-api-part4/src/services/booking-service/index.ts">
        <metrics statements="34" coveredstatements="28" conditionals="11" coveredconditionals="10" methods="4" coveredmethods="4"/>
        <line num="1" count="11" type="stmt"/>
        <line num="2" count="11" type="stmt"/>
        <line num="3" count="11" type="stmt"/>
        <line num="4" count="11" type="stmt"/>
        <line num="5" count="11" type="stmt"/>
        <line num="6" count="11" type="stmt"/>
        <line num="10" count="1" type="stmt"/>
        <line num="11" count="1" type="cond" truecount="1" falsecount="0"/>
        <line num="12" count="1" type="stmt"/>
        <line num="14" count="0" type="stmt"/>
        <line num="16" count="0" type="stmt"/>
        <line num="22" count="0" type="stmt"/>
        <line num="26" count="8" type="stmt"/>
        <line num="27" count="8" type="stmt"/>
        <line num="28" count="7" type="stmt"/>
        <line num="30" count="7" type="cond" truecount="4" falsecount="0"/>
        <line num="34" count="8" type="stmt"/>
        <line num="35" count="4" type="stmt"/>
        <line num="37" count="4" type="cond" truecount="1" falsecount="0"/>
        <line num="39" count="2" type="stmt"/>
        <line num="41" count="2" type="cond" truecount="1" falsecount="0"/>
        <line num="43" count="1" type="stmt"/>
        <line num="45" count="1" type="stmt"/>
        <line num="47" count="1" type="stmt"/>
        <line num="51" count="3" type="stmt"/>
        <line num="53" count="3" type="cond" truecount="0" falsecount="1"/>
        <line num="55" count="3" type="stmt"/>
        <line num="57" count="3" type="stmt"/>
        <line num="59" count="3" type="cond" truecount="3" falsecount="0"/>
        <line num="61" count="0" type="stmt"/>
        <line num="63" count="0" type="stmt"/>
        <line num="65" count="0" type="stmt"/>
        <line num="68" count="11" type="stmt"/>
        <line num="74" count="11" type="stmt"/>
      </file>
    </package>
    <package name="src.services.enrollments-service">
      <metrics statements="28" coveredstatements="19" conditionals="9" coveredconditionals="5" methods="5" coveredmethods="3"/>
      <file name="index.ts" path="/home/pedro/Driven/Projetos/projeto19_drivent/drivent-api-part4/src/services/enrollments-service/index.ts">
        <metrics statements="28" coveredstatements="19" conditionals="9" coveredconditionals="5" methods="5" coveredmethods="3"/>
        <line num="2" count="11" type="stmt"/>
        <line num="3" count="11" type="stmt"/>
        <line num="4" count="11" type="stmt"/>
        <line num="5" count="11" type="stmt"/>
        <line num="6" count="11" type="stmt"/>
        <line num="10" count="4" type="stmt"/>
        <line num="12" count="4" type="cond" truecount="3" falsecount="0"/>
        <line num="13" count="1" type="stmt"/>
        <line num="16" count="3" type="stmt"/>
        <line num="18" count="3" type="stmt"/>
        <line num="26" count="3" type="stmt"/>
        <line num="30" count="0" type="stmt"/>
        <line num="32" count="0" type="cond" truecount="0" falsecount="1"/>
        <line num="34" count="0" type="stmt"/>
        <line num="35" count="0" type="stmt"/>
        <line num="37" count="0" type="stmt"/>
        <line num="46" count="0" type="cond" truecount="0" falsecount="1"/>
        <line num="48" count="0" type="stmt"/>
        <line num="54" count="2" type="stmt"/>
        <line num="55" count="2" type="stmt"/>
        <line num="57" count="2" type="stmt"/>
        <line num="58" count="2" type="stmt"/>
        <line num="60" count="0" type="stmt"/>
        <line num="63" count="2" type="stmt"/>
        <line num="65" count="0" type="stmt"/>
        <line num="69" count="2" type="stmt"/>
        <line num="79" count="11" type="stmt"/>
        <line num="85" count="11" type="stmt"/>
      </file>
    </package>
    <package name="src.services.events-service">
      <metrics statements="15" coveredstatements="15" conditionals="4" coveredconditionals="3" methods="2" coveredmethods="2"/>
      <file name="index.ts" path="/home/pedro/Driven/Projetos/projeto19_drivent/drivent-api-part4/src/services/events-service/index.ts">
        <metrics statements="15" coveredstatements="15" conditionals="4" coveredconditionals="3" methods="2" coveredmethods="2"/>
        <line num="2" count="11" type="stmt"/>
        <line num="3" count="11" type="stmt"/>
        <line num="4" count="11" type="stmt"/>
        <line num="5" count="11" type="stmt"/>
        <line num="8" count="2" type="stmt"/>
        <line num="9" count="2" type="cond" truecount="1" falsecount="0"/>
        <line num="11" count="1" type="stmt"/>
        <line num="17" count="9" type="stmt"/>
        <line num="18" count="9" type="cond" truecount="1" falsecount="0"/>
        <line num="20" count="1" type="stmt"/>
        <line num="21" count="1" type="stmt"/>
        <line num="22" count="1" type="stmt"/>
        <line num="24" count="1" type="cond" truecount="1" falsecount="1"/>
        <line num="27" count="11" type="stmt"/>
        <line num="32" count="11" type="stmt"/>
      </file>
    </package>
    <package name="src.services.hotels-service">
      <metrics statements="20" coveredstatements="17" conditionals="7" coveredconditionals="6" methods="3" coveredmethods="3"/>
      <file name="index.ts" path="/home/pedro/Driven/Projetos/projeto19_drivent/drivent-api-part4/src/services/hotels-service/index.ts">
        <metrics statements="20" coveredstatements="17" conditionals="7" coveredconditionals="6" methods="3" coveredmethods="3"/>
        <line num="1" count="11" type="stmt"/>
        <line num="2" count="11" type="stmt"/>
        <line num="3" count="11" type="stmt"/>
        <line num="4" count="11" type="stmt"/>
        <line num="5" count="11" type="stmt"/>
        <line num="8" count="5" type="stmt"/>
        <line num="9" count="5" type="cond" truecount="1" falsecount="0"/>
        <line num="10" count="2" type="stmt"/>
        <line num="12" count="3" type="stmt"/>
        <line num="14" count="3" type="cond" truecount="4" falsecount="1"/>
        <line num="15" count="0" type="stmt"/>
        <line num="20" count="1" type="stmt"/>
        <line num="22" count="0" type="stmt"/>
        <line num="23" count="0" type="stmt"/>
        <line num="27" count="4" type="stmt"/>
        <line num="29" count="3" type="stmt"/>
        <line num="31" count="3" type="cond" truecount="1" falsecount="0"/>
        <line num="32" count="1" type="stmt"/>
        <line num="34" count="2" type="stmt"/>
        <line num="37" count="11" type="stmt"/>
      </file>
    </package>
    <package name="src.services.payments-service">
      <metrics statements="20" coveredstatements="16" conditionals="4" coveredconditionals="0" methods="3" coveredmethods="2"/>
      <file name="index.ts" path="/home/pedro/Driven/Projetos/projeto19_drivent/drivent-api-part4/src/services/payments-service/index.ts">
        <metrics statements="20" coveredstatements="16" conditionals="4" coveredconditionals="0" methods="3" coveredmethods="2"/>
        <line num="1" count="11" type="stmt"/>
        <line num="3" count="11" type="stmt"/>
        <line num="4" count="11" type="stmt"/>
        <line num="5" count="11" type="stmt"/>
        <line num="8" count="3" type="stmt"/>
        <line num="9" count="3" type="cond" truecount="0" falsecount="1"/>
        <line num="11" count="3" type="stmt"/>
        <line num="12" count="3" type="cond" truecount="0" falsecount="1"/>
        <line num="14" count="3" type="cond" truecount="0" falsecount="1"/>
        <line num="18" count="0" type="stmt"/>
        <line num="20" count="0" type="stmt"/>
        <line num="21" count="0" type="cond" truecount="0" falsecount="1"/>
        <line num="23" count="0" type="stmt"/>
        <line num="27" count="3" type="stmt"/>
        <line num="29" count="3" type="stmt"/>
        <line num="31" count="3" type="stmt"/>
        <line num="38" count="2" type="stmt"/>
        <line num="40" count="2" type="stmt"/>
        <line num="42" count="2" type="stmt"/>
        <line num="45" count="11" type="stmt"/>
      </file>
    </package>
    <package name="src.services.tickets-service">
      <metrics statements="20" coveredstatements="19" conditionals="4" coveredconditionals="3" methods="3" coveredmethods="3"/>
      <file name="index.ts" path="/home/pedro/Driven/Projetos/projeto19_drivent/drivent-api-part4/src/services/tickets-service/index.ts">
        <metrics statements="20" coveredstatements="19" conditionals="4" coveredconditionals="3" methods="3" coveredmethods="3"/>
        <line num="1" count="11" type="stmt"/>
        <line num="2" count="11" type="stmt"/>
        <line num="3" count="11" type="stmt"/>
        <line num="4" count="11" type="stmt"/>
        <line num="8" count="2" type="stmt"/>
        <line num="9" count="2" type="cond" truecount="0" falsecount="1"/>
        <line num="11" count="2" type="stmt"/>
        <line num="15" count="2" type="stmt"/>
        <line num="16" count="2" type="cond" truecount="1" falsecount="0"/>
        <line num="18" count="1" type="stmt"/>
        <line num="19" count="1" type="cond" truecount="1" falsecount="0"/>
        <line num="21" count="0" type="stmt"/>
        <line num="25" count="3" type="stmt"/>
        <line num="26" count="3" type="cond" truecount="1" falsecount="0"/>
        <line num="28" count="2" type="stmt"/>
        <line num="34" count="2" type="stmt"/>
        <line num="36" count="2" type="stmt"/>
        <line num="38" count="2" type="stmt"/>
        <line num="41" count="11" type="stmt"/>
        <line num="43" count="11" type="stmt"/>
      </file>
    </package>
    <package name="src.services.users-service">
      <metrics statements="21" coveredstatements="15" conditionals="2" coveredconditionals="1" methods="4" coveredmethods="3"/>
      <file name="errors.ts" path="/home/pedro/Driven/Projetos/projeto19_drivent/drivent-api-part4/src/services/users-service/errors.ts">
        <metrics statements="2" coveredstatements="2" conditionals="0" coveredconditionals="0" methods="1" coveredmethods="1"/>
        <line num="3" count="11" type="stmt"/>
        <line num="4" count="1" type="stmt"/>
      </file>
      <file name="index.ts" path="/home/pedro/Driven/Projetos/projeto19_drivent/drivent-api-part4/src/services/users-service/index.ts">
        <metrics statements="19" coveredstatements="13" conditionals="2" coveredconditionals="1" methods="3" coveredmethods="2"/>
        <line num="2" count="11" type="stmt"/>
        <line num="3" count="11" type="stmt"/>
        <line num="4" count="11" type="stmt"/>
        <line num="5" count="11" type="stmt"/>
        <line num="6" count="11" type="stmt"/>
        <line num="8" count="11" type="stmt"/>
        <line num="9" count="9" type="stmt"/>
        <line num="11" count="0" type="stmt"/>
        <line num="13" count="0" type="stmt"/>
        <line num="14" count="0" type="stmt"/>
        <line num="21" count="0" type="stmt"/>
        <line num="22" count="0" type="cond" truecount="0" falsecount="1"/>
        <line num="23" count="0" type="stmt"/>
        <line num="28" count="9" type="stmt"/>
        <line num="29" count="9" type="cond" truecount="1" falsecount="0"/>
        <line num="30" count="9" type="stmt"/>
        <line num="36" count="11" type="stmt"/>
        <line num="40" count="11" type="stmt"/>
        <line num="41" count="11" type="stmt"/>
      </file>
    </package>
    <package name="src.utils">
      <metrics statements="13" coveredstatements="13" conditionals="0" coveredconditionals="0" methods="2" coveredmethods="2"/>
      <file name="prisma-utils.ts" path="/home/pedro/Driven/Projetos/projeto19_drivent/drivent-api-part4/src/utils/prisma-utils.ts">
        <metrics statements="5" coveredstatements="5" conditionals="0" coveredconditionals="0" methods="1" coveredmethods="1"/>
        <line num="1" count="11" type="stmt"/>
        <line num="2" count="8" type="stmt"/>
        <line num="3" count="8" type="stmt"/>
        <line num="4" count="9" type="stmt"/>
        <line num="6" count="8" type="stmt"/>
      </file>
      <file name="request.ts" path="/home/pedro/Driven/Projetos/projeto19_drivent/drivent-api-part4/src/utils/request.ts">
        <metrics statements="8" coveredstatements="8" conditionals="0" coveredconditionals="0" methods="1" coveredmethods="1"/>
        <line num="1" count="11" type="stmt"/>
        <line num="2" count="11" type="stmt"/>
        <line num="5" count="4" type="stmt"/>
        <line num="6" count="4" type="stmt"/>
        <line num="7" count="3" type="stmt"/>
        <line num="9" count="1" type="stmt"/>
        <line num="11" count="1" type="stmt"/>
        <line num="15" count="11" type="stmt"/>
      </file>
    </package>
    <package name="tests">
      <metrics statements="25" coveredstatements="24" conditionals="2" coveredconditionals="2" methods="4" coveredmethods="3"/>
      <file name="helpers.ts" path="/home/pedro/Driven/Projetos/projeto19_drivent/drivent-api-part4/tests/helpers.ts">
        <metrics statements="25" coveredstatements="24" conditionals="2" coveredconditionals="2" methods="4" coveredmethods="3"/>
        <line num="1" count="10" type="stmt"/>
        <line num="4" count="10" type="stmt"/>
        <line num="5" count="10" type="stmt"/>
        <line num="6" count="10" type="stmt"/>
        <line num="8" count="10" type="stmt"/>
        <line num="9" count="79" type="stmt"/>
        <line num="10" count="79" type="stmt"/>
        <line num="11" count="79" type="stmt"/>
        <line num="12" count="79" type="stmt"/>
        <line num="13" count="77" type="stmt"/>
        <line num="14" count="75" type="stmt"/>
        <line num="15" count="75" type="stmt"/>
        <line num="16" count="75" type="stmt"/>
        <line num="17" count="74" type="stmt"/>
        <line num="18" count="74" type="stmt"/>
        <line num="19" count="74" type="stmt"/>
        <line num="22" count="10" type="stmt"/>
        <line num="23" count="49" type="cond" truecount="2" falsecount="0"/>
        <line num="24" count="49" type="stmt"/>
        <line num="26" count="49" type="stmt"/>
        <line num="28" count="47" type="stmt"/>
        <line num="31" count="10" type="stmt"/>
        <line num="32" count="1" type="stmt"/>
        <line num="35" count="10" type="stmt"/>
        <line num="36" count="0" type="stmt"/>
      </file>
    </package>
    <package name="tests.factories">
      <metrics statements="66" coveredstatements="65" conditionals="18" coveredconditionals="17" methods="17" coveredmethods="16"/>
      <file name="booking-factory.ts" path="/home/pedro/Driven/Projetos/projeto19_drivent/drivent-api-part4/tests/factories/booking-factory.ts">
        <metrics statements="3" coveredstatements="3" conditionals="0" coveredconditionals="0" methods="1" coveredmethods="1"/>
        <line num="2" count="10" type="stmt"/>
        <line num="4" count="10" type="stmt"/>
        <line num="5" count="9" type="stmt"/>
      </file>
      <file name="enrollments-factory.ts" path="/home/pedro/Driven/Projetos/projeto19_drivent/drivent-api-part4/tests/factories/enrollments-factory.ts">
        <metrics statements="9" coveredstatements="9" conditionals="2" coveredconditionals="1" methods="2" coveredmethods="2"/>
        <line num="1" count="10" type="stmt"/>
        <line num="2" count="10" type="stmt"/>
        <line num="5" count="10" type="stmt"/>
        <line num="6" count="10" type="stmt"/>
        <line num="8" count="10" type="stmt"/>
        <line num="9" count="35" type="cond" truecount="1" falsecount="1"/>
        <line num="11" count="35" type="stmt"/>
        <line num="35" count="10" type="stmt"/>
        <line num="36" count="1" type="stmt"/>
      </file>
      <file name="events-factory.ts" path="/home/pedro/Driven/Projetos/projeto19_drivent/drivent-api-part4/tests/factories/events-factory.ts">
        <metrics statements="5" coveredstatements="5" conditionals="11" coveredconditionals="11" methods="1" coveredmethods="1"/>
        <line num="1" count="10" type="stmt"/>
        <line num="2" count="10" type="stmt"/>
        <line num="4" count="10" type="stmt"/>
        <line num="6" count="10" type="cond" truecount="1" falsecount="0"/>
        <line num="7" count="4" type="stmt"/>
      </file>
      <file name="hotels-factory.ts" path="/home/pedro/Driven/Projetos/projeto19_drivent/drivent-api-part4/tests/factories/hotels-factory.ts">
        <metrics statements="8" coveredstatements="7" conditionals="0" coveredconditionals="0" methods="3" coveredmethods="2"/>
        <line num="1" count="10" type="stmt"/>
        <line num="2" count="10" type="stmt"/>
        <line num="5" count="10" type="stmt"/>
        <line num="6" count="14" type="stmt"/>
        <line num="14" count="10" type="stmt"/>
        <line num="15" count="13" type="stmt"/>
        <line num="24" count="10" type="stmt"/>
        <line num="25" count="0" type="stmt"/>
      </file>
      <file name="index.ts" path="/home/pedro/Driven/Projetos/projeto19_drivent/drivent-api-part4/tests/factories/index.ts">
        <metrics statements="8" coveredstatements="8" conditionals="0" coveredconditionals="0" methods="0" coveredmethods="0"/>
        <line num="1" count="10" type="stmt"/>
        <line num="2" count="10" type="stmt"/>
        <line num="3" count="10" type="stmt"/>
        <line num="4" count="10" type="stmt"/>
        <line num="5" count="10" type="stmt"/>
        <line num="6" count="10" type="stmt"/>
        <line num="7" count="10" type="stmt"/>
        <line num="8" count="10" type="stmt"/>
      </file>
      <file name="payments-factory.ts" path="/home/pedro/Driven/Projetos/projeto19_drivent/drivent-api-part4/tests/factories/payments-factory.ts">
        <metrics statements="7" coveredstatements="7" conditionals="0" coveredconditionals="0" methods="2" coveredmethods="2"/>
        <line num="1" count="10" type="stmt"/>
        <line num="2" count="10" type="stmt"/>
        <line num="4" count="10" type="stmt"/>
        <line num="5" count="4" type="stmt"/>
        <line num="15" count="10" type="stmt"/>
        <line num="16" count="4" type="stmt"/>
        <line num="18" count="4" type="stmt"/>
      </file>
      <file name="sessions-factory.ts" path="/home/pedro/Driven/Projetos/projeto19_drivent/drivent-api-part4/tests/factories/sessions-factory.ts">
        <metrics statements="5" coveredstatements="5" conditionals="0" coveredconditionals="0" methods="1" coveredmethods="1"/>
        <line num="2" count="10" type="stmt"/>
        <line num="3" count="10" type="stmt"/>
        <line num="5" count="10" type="stmt"/>
        <line num="6" count="49" type="stmt"/>
        <line num="8" count="49" type="stmt"/>
      </file>
      <file name="tickets-factory.ts" path="/home/pedro/Driven/Projetos/projeto19_drivent/drivent-api-part4/tests/factories/tickets-factory.ts">
        <metrics statements="14" coveredstatements="14" conditionals="0" coveredconditionals="0" methods="6" coveredmethods="6"/>
        <line num="1" count="10" type="stmt"/>
        <line num="3" count="10" type="stmt"/>
        <line num="5" count="10" type="stmt"/>
        <line num="6" count="9" type="stmt"/>
        <line num="16" count="10" type="stmt"/>
        <line num="17" count="18" type="stmt"/>
        <line num="26" count="10" type="stmt"/>
        <line num="27" count="3" type="stmt"/>
        <line num="37" count="10" type="stmt"/>
        <line num="38" count="10" type="stmt"/>
        <line num="48" count="10" type="stmt"/>
        <line num="49" count="1" type="stmt"/>
        <line num="59" count="10" type="stmt"/>
        <line num="60" count="1" type="stmt"/>
      </file>
      <file name="users-factory.ts" path="/home/pedro/Driven/Projetos/projeto19_drivent/drivent-api-part4/tests/factories/users-factory.ts">
        <metrics statements="7" coveredstatements="7" conditionals="5" coveredconditionals="5" methods="1" coveredmethods="1"/>
        <line num="1" count="10" type="stmt"/>
        <line num="2" count="10" type="stmt"/>
        <line num="4" count="10" type="stmt"/>
        <line num="6" count="10" type="cond" truecount="1" falsecount="0"/>
        <line num="7" count="121" type="cond" truecount="2" falsecount="0"/>
        <line num="8" count="121" type="stmt"/>
        <line num="10" count="121" type="stmt"/>
      </file>
    </package>
  </project>
</coverage>
